0 verbose cli /usr/bin/node /usr/bin/npm
1 info using npm@10.8.2
2 info using node@v20.20.0
3 silly config load:file:/usr/lib/node_modules/npm/npmrc
4 silly config load:file:/home/prateek/.npmrc
5 silly config load:file:/usr/etc/npmrc
6 verbose title npm install express
7 verbose argv "install" "express"
8 verbose logfile logs-max:10 dir:/home/prateek/.npm/_logs/2026-03-03T16_12_29_181Z-
9 verbose logfile /home/prateek/.npm/_logs/2026-03-03T16_12_29_181Z-debug-0.log
10 silly packumentCache heap:2197815296 maxSize:549453824 maxEntrySize:274726912
11 silly logfile done cleaning log files
12 silly idealTree buildDeps
13 silly fetch manifest express@*
14 silly packumentCache full:https://registry.npmjs.org/express cache-miss
15 http fetch GET 200 https://registry.npmjs.org/express 1748ms (cache miss)
16 silly packumentCache full:https://registry.npmjs.org/express set size:undefined disposed:false
17 silly placeDep ROOT express@5.2.1 OK for:  want: *
18 silly fetch manifest qs@^6.14.0
19 silly packumentCache full:https://registry.npmjs.org/qs cache-miss
20 silly fetch manifest depd@^2.0.0
21 silly packumentCache full:https://registry.npmjs.org/depd cache-miss
22 silly fetch manifest etag@^1.8.1
23 silly packumentCache full:https://registry.npmjs.org/etag cache-miss
24 silly fetch manifest once@^1.4.0
25 silly packumentCache full:https://registry.npmjs.org/once cache-miss
26 silly fetch manifest send@^1.1.0
27 silly packumentCache full:https://registry.npmjs.org/send cache-miss
28 silly fetch manifest vary@^1.1.2
29 silly packumentCache full:https://registry.npmjs.org/vary cache-miss
30 silly fetch manifest debug@^4.4.0
31 silly packumentCache full:https://registry.npmjs.org/debug cache-miss
32 http fetch GET 200 https://registry.npmjs.org/qs 252ms (cache miss)
33 silly packumentCache full:https://registry.npmjs.org/qs set size:undefined disposed:false
34 silly fetch manifest fresh@^2.0.0
35 silly packumentCache full:https://registry.npmjs.org/fresh cache-miss
36 http fetch GET 200 https://registry.npmjs.org/npm 2462ms
37 http fetch GET 200 https://registry.npmjs.org/fresh 385ms (cache miss)
38 silly packumentCache full:https://registry.npmjs.org/fresh set size:undefined disposed:false
39 silly fetch manifest cookie@^0.7.1
40 silly packumentCache full:https://registry.npmjs.org/cookie cache-miss
41 http fetch GET 200 https://registry.npmjs.org/once 1078ms (cache miss)
42 silly packumentCache full:https://registry.npmjs.org/once set size:undefined disposed:false
43 silly fetch manifest router@^2.2.0
44 silly packumentCache full:https://registry.npmjs.org/router cache-miss
45 http fetch GET 200 https://registry.npmjs.org/etag 1093ms (cache miss)
46 silly packumentCache full:https://registry.npmjs.org/etag set size:undefined disposed:false
47 silly fetch manifest accepts@^2.0.0
48 silly packumentCache full:https://registry.npmjs.org/accepts cache-miss
49 http fetch GET 200 https://registry.npmjs.org/depd 1101ms (cache miss)
50 silly packumentCache full:https://registry.npmjs.org/depd set size:undefined disposed:false
51 silly fetch manifest type-is@^2.0.1
52 silly packumentCache full:https://registry.npmjs.org/type-is cache-miss
53 http fetch GET 200 https://registry.npmjs.org/cookie 454ms (cache miss)
54 silly packumentCache full:https://registry.npmjs.org/cookie set size:undefined disposed:false
55 silly fetch manifest parseurl@^1.3.3
56 silly packumentCache full:https://registry.npmjs.org/parseurl cache-miss
57 http fetch GET 200 https://registry.npmjs.org/vary 1177ms (cache miss)
58 silly packumentCache full:https://registry.npmjs.org/vary set size:undefined disposed:false
59 silly fetch manifest statuses@^2.0.1
60 silly packumentCache full:https://registry.npmjs.org/statuses cache-miss
61 http fetch GET 200 https://registry.npmjs.org/send 1200ms (cache miss)
62 silly packumentCache full:https://registry.npmjs.org/send set size:undefined disposed:false
63 silly fetch manifest encodeurl@^2.0.0
64 silly packumentCache full:https://registry.npmjs.org/encodeurl cache-miss
65 http fetch GET 200 https://registry.npmjs.org/debug 1213ms (cache miss)
66 silly packumentCache full:https://registry.npmjs.org/debug set size:undefined disposed:false
67 silly fetch manifest mime-types@^3.0.0
68 silly packumentCache full:https://registry.npmjs.org/mime-types cache-miss
69 http fetch GET 200 https://registry.npmjs.org/parseurl 337ms (cache miss)
70 silly packumentCache full:https://registry.npmjs.org/parseurl set size:undefined disposed:false
71 silly fetch manifest proxy-addr@^2.0.7
72 silly packumentCache full:https://registry.npmjs.org/proxy-addr cache-miss
73 http fetch GET 200 https://registry.npmjs.org/encodeurl 253ms (cache miss)
74 silly packumentCache full:https://registry.npmjs.org/encodeurl set size:undefined disposed:false
75 silly fetch manifest body-parser@^2.2.1
76 silly packumentCache full:https://registry.npmjs.org/body-parser cache-miss
77 http fetch GET 200 https://registry.npmjs.org/router 394ms (cache miss)
78 silly packumentCache full:https://registry.npmjs.org/router set size:undefined disposed:false
79 silly fetch manifest escape-html@^1.0.3
80 silly packumentCache full:https://registry.npmjs.org/escape-html cache-miss
81 http fetch GET 200 https://registry.npmjs.org/statuses 303ms (cache miss)
82 silly packumentCache full:https://registry.npmjs.org/statuses set size:undefined disposed:false
83 silly fetch manifest http-errors@^2.0.0
84 silly packumentCache full:https://registry.npmjs.org/http-errors cache-miss
85 http fetch GET 200 https://registry.npmjs.org/accepts 400ms (cache miss)
86 silly packumentCache full:https://registry.npmjs.org/accepts set size:undefined disposed:false
87 silly fetch manifest on-finished@^2.4.1
88 silly packumentCache full:https://registry.npmjs.org/on-finished cache-miss
89 http fetch GET 200 https://registry.npmjs.org/type-is 410ms (cache miss)
90 silly packumentCache full:https://registry.npmjs.org/type-is set size:undefined disposed:false
91 silly fetch manifest content-type@^1.0.5
92 silly packumentCache full:https://registry.npmjs.org/content-type cache-miss
93 http fetch GET 200 https://registry.npmjs.org/mime-types 297ms (cache miss)
94 silly packumentCache full:https://registry.npmjs.org/mime-types set size:undefined disposed:false
95 silly fetch manifest finalhandler@^2.1.0
96 silly packumentCache full:https://registry.npmjs.org/finalhandler cache-miss
97 http fetch GET 200 https://registry.npmjs.org/proxy-addr 172ms (cache miss)
98 silly packumentCache full:https://registry.npmjs.org/proxy-addr set size:undefined disposed:false
99 silly fetch manifest range-parser@^1.2.1
100 silly packumentCache full:https://registry.npmjs.org/range-parser cache-miss
101 http fetch GET 200 https://registry.npmjs.org/escape-html 203ms (cache miss)
102 silly packumentCache full:https://registry.npmjs.org/escape-html set size:undefined disposed:false
103 silly fetch manifest serve-static@^2.2.0
104 silly packumentCache full:https://registry.npmjs.org/serve-static cache-miss
105 http fetch GET 200 https://registry.npmjs.org/on-finished 197ms (cache miss)
106 silly packumentCache full:https://registry.npmjs.org/on-finished set size:undefined disposed:false
107 silly fetch manifest cookie-signature@^1.2.1
108 silly packumentCache full:https://registry.npmjs.org/cookie-signature cache-miss
109 http fetch GET 200 https://registry.npmjs.org/body-parser 242ms (cache miss)
110 silly packumentCache full:https://registry.npmjs.org/body-parser set size:undefined disposed:false
111 silly fetch manifest merge-descriptors@^2.0.0
112 silly packumentCache full:https://registry.npmjs.org/merge-descriptors cache-miss
113 http fetch GET 200 https://registry.npmjs.org/content-type 205ms (cache miss)
114 silly packumentCache full:https://registry.npmjs.org/content-type set size:undefined disposed:false
115 silly fetch manifest content-disposition@^1.0.0
116 silly packumentCache full:https://registry.npmjs.org/content-disposition cache-miss
117 http fetch GET 200 https://registry.npmjs.org/http-errors 264ms (cache miss)
118 silly packumentCache full:https://registry.npmjs.org/http-errors set size:undefined disposed:false
119 http fetch GET 200 https://registry.npmjs.org/finalhandler 237ms (cache miss)
120 silly packumentCache full:https://registry.npmjs.org/finalhandler set size:undefined disposed:false
121 http fetch GET 200 https://registry.npmjs.org/range-parser 144ms (cache miss)
122 silly packumentCache full:https://registry.npmjs.org/range-parser set size:undefined disposed:false
123 http fetch GET 200 https://registry.npmjs.org/cookie-signature 145ms (cache miss)
124 silly packumentCache full:https://registry.npmjs.org/cookie-signature set size:undefined disposed:false
125 http fetch GET 200 https://registry.npmjs.org/serve-static 158ms (cache miss)
126 silly packumentCache full:https://registry.npmjs.org/serve-static set size:undefined disposed:false
127 http fetch GET 200 https://registry.npmjs.org/content-disposition 172ms (cache miss)
128 silly packumentCache full:https://registry.npmjs.org/content-disposition set size:undefined disposed:false
129 http fetch GET 200 https://registry.npmjs.org/merge-descriptors 421ms (cache miss)
130 silly packumentCache full:https://registry.npmjs.org/merge-descriptors set size:undefined disposed:false
131 silly placeDep ROOT accepts@2.0.0 OK for: express@5.2.1 want: ^2.0.0
132 silly placeDep ROOT body-parser@2.2.2 OK for: express@5.2.1 want: ^2.2.1
133 silly placeDep ROOT content-disposition@1.0.1 OK for: express@5.2.1 want: ^1.0.0
134 silly placeDep ROOT content-type@1.0.5 OK for: express@5.2.1 want: ^1.0.5
135 silly placeDep ROOT cookie@0.7.2 OK for: express@5.2.1 want: ^0.7.1
136 silly placeDep ROOT cookie-signature@1.2.2 OK for: express@5.2.1 want: ^1.2.1
137 silly placeDep ROOT debug@4.4.3 OK for: express@5.2.1 want: ^4.4.0
138 silly placeDep ROOT depd@2.0.0 OK for: express@5.2.1 want: ^2.0.0
139 silly placeDep ROOT encodeurl@2.0.0 OK for: express@5.2.1 want: ^2.0.0
140 silly placeDep ROOT escape-html@1.0.3 OK for: express@5.2.1 want: ^1.0.3
141 silly placeDep ROOT etag@1.8.1 OK for: express@5.2.1 want: ^1.8.1
142 silly placeDep ROOT finalhandler@2.1.1 OK for: express@5.2.1 want: ^2.1.0
143 silly placeDep ROOT fresh@2.0.0 OK for: express@5.2.1 want: ^2.0.0
144 silly placeDep ROOT http-errors@2.0.1 OK for: express@5.2.1 want: ^2.0.0
145 silly placeDep ROOT merge-descriptors@2.0.0 OK for: express@5.2.1 want: ^2.0.0
146 silly placeDep ROOT mime-types@3.0.2 OK for: express@5.2.1 want: ^3.0.0
147 silly placeDep ROOT on-finished@2.4.1 OK for: express@5.2.1 want: ^2.4.1
148 silly placeDep ROOT once@1.4.0 OK for: express@5.2.1 want: ^1.4.0
149 silly placeDep ROOT parseurl@1.3.3 OK for: express@5.2.1 want: ^1.3.3
150 silly placeDep ROOT proxy-addr@2.0.7 OK for: express@5.2.1 want: ^2.0.7
151 silly placeDep ROOT qs@6.15.0 OK for: express@5.2.1 want: ^6.14.0
152 silly placeDep ROOT range-parser@1.2.1 OK for: express@5.2.1 want: ^1.2.1
153 silly placeDep ROOT router@2.2.0 OK for: express@5.2.1 want: ^2.2.0
154 silly placeDep ROOT send@1.2.1 OK for: express@5.2.1 want: ^1.1.0
155 silly placeDep ROOT serve-static@2.2.1 OK for: express@5.2.1 want: ^2.2.0
156 silly placeDep ROOT statuses@2.0.2 OK for: express@5.2.1 want: ^2.0.1
157 silly placeDep ROOT type-is@2.0.1 OK for: express@5.2.1 want: ^2.0.1
158 silly placeDep ROOT vary@1.1.2 OK for: express@5.2.1 want: ^1.1.2
159 silly fetch manifest negotiator@^1.0.0
160 silly packumentCache full:https://registry.npmjs.org/negotiator cache-miss
161 silly fetch manifest bytes@^3.1.2
162 silly packumentCache full:https://registry.npmjs.org/bytes cache-miss
163 silly fetch manifest debug@^4.4.3
164 silly packumentCache full:https://registry.npmjs.org/debug cache-miss
165 silly fetch manifest iconv-lite@^0.7.0
166 silly packumentCache full:https://registry.npmjs.org/iconv-lite cache-miss
167 silly fetch manifest qs@^6.14.1
168 silly packumentCache full:https://registry.npmjs.org/qs cache-miss
169 silly fetch manifest raw-body@^3.0.1
170 silly packumentCache full:https://registry.npmjs.org/raw-body cache-miss
171 silly fetch manifest ms@^2.1.3
172 silly packumentCache full:https://registry.npmjs.org/ms cache-miss
173 http fetch GET 200 https://registry.npmjs.org/debug 57ms (cache hit)
174 silly packumentCache full:https://registry.npmjs.org/debug set size:195840 disposed:false
175 silly fetch manifest inherits@~2.0.4
176 silly packumentCache full:https://registry.npmjs.org/inherits cache-miss
177 http fetch GET 200 https://registry.npmjs.org/qs 62ms (cache hit)
178 silly packumentCache full:https://registry.npmjs.org/qs set size:350258 disposed:false
179 silly fetch manifest setprototypeof@~1.2.0
180 silly packumentCache full:https://registry.npmjs.org/setprototypeof cache-miss
181 http fetch GET 200 https://registry.npmjs.org/negotiator 204ms (cache miss)
182 silly packumentCache full:https://registry.npmjs.org/negotiator set size:undefined disposed:false
183 silly fetch manifest statuses@~2.0.2
184 silly packumentCache full:https://registry.npmjs.org/statuses cache-miss
185 http fetch GET 200 https://registry.npmjs.org/bytes 212ms (cache miss)
186 silly packumentCache full:https://registry.npmjs.org/bytes set size:undefined disposed:false
187 silly fetch manifest toidentifier@~1.0.1
188 silly packumentCache full:https://registry.npmjs.org/toidentifier cache-miss
189 http fetch GET 200 https://registry.npmjs.org/statuses 41ms (cache hit)
190 silly packumentCache full:https://registry.npmjs.org/statuses set size:37117 disposed:false
191 silly fetch manifest mime-db@^1.54.0
192 silly packumentCache full:https://registry.npmjs.org/mime-db cache-miss
193 http fetch GET 200 https://registry.npmjs.org/ms 248ms (cache miss)
194 silly packumentCache full:https://registry.npmjs.org/ms set size:undefined disposed:false
195 silly fetch manifest ee-first@1.1.1
196 silly packumentCache full:https://registry.npmjs.org/ee-first cache-miss
197 http fetch GET 200 https://registry.npmjs.org/iconv-lite 280ms (cache miss)
198 silly packumentCache full:https://registry.npmjs.org/iconv-lite set size:undefined disposed:false
199 silly fetch manifest wrappy@1
200 silly packumentCache full:https://registry.npmjs.org/wrappy cache-miss
201 http fetch GET 200 https://registry.npmjs.org/raw-body 286ms (cache miss)
202 silly packumentCache full:https://registry.npmjs.org/raw-body set size:undefined disposed:false
203 silly fetch manifest forwarded@0.2.0
204 silly packumentCache full:https://registry.npmjs.org/forwarded cache-miss
205 http fetch GET 200 https://registry.npmjs.org/inherits 259ms (cache miss)
206 silly packumentCache full:https://registry.npmjs.org/inherits set size:undefined disposed:false
207 silly fetch manifest ipaddr.js@1.9.1
208 silly packumentCache full:https://registry.npmjs.org/ipaddr.js cache-miss
209 http fetch GET 200 https://registry.npmjs.org/setprototypeof 256ms (cache miss)
210 silly packumentCache full:https://registry.npmjs.org/setprototypeof set size:undefined disposed:false
211 silly fetch manifest side-channel@^1.1.0
212 silly packumentCache full:https://registry.npmjs.org/side-channel cache-miss
213 http fetch GET 200 https://registry.npmjs.org/mime-db 186ms (cache miss)
214 silly packumentCache full:https://registry.npmjs.org/mime-db set size:undefined disposed:false
215 silly fetch manifest is-promise@^4.0.0
216 silly packumentCache full:https://registry.npmjs.org/is-promise cache-miss
217 http fetch GET 200 https://registry.npmjs.org/ee-first 178ms (cache miss)
218 silly packumentCache full:https://registry.npmjs.org/ee-first set size:undefined disposed:false
219 silly fetch manifest path-to-regexp@^8.0.0
220 silly packumentCache full:https://registry.npmjs.org/path-to-regexp cache-miss
221 http fetch GET 200 https://registry.npmjs.org/forwarded 260ms (cache miss)
222 silly packumentCache full:https://registry.npmjs.org/forwarded set size:undefined disposed:false
223 silly fetch manifest statuses@^2.0.2
224 silly packumentCache full:https://registry.npmjs.org/statuses cache-hit
225 silly fetch manifest media-typer@^1.1.0
226 silly packumentCache full:https://registry.npmjs.org/media-typer cache-miss
227 http fetch GET 200 https://registry.npmjs.org/wrappy 481ms (cache miss)
228 silly packumentCache full:https://registry.npmjs.org/wrappy set size:undefined disposed:false
229 http fetch GET 200 https://registry.npmjs.org/side-channel 557ms (cache miss)
230 silly packumentCache full:https://registry.npmjs.org/side-channel set size:undefined disposed:false
231 http fetch GET 200 https://registry.npmjs.org/ipaddr.js 566ms (cache miss)
232 silly packumentCache full:https://registry.npmjs.org/ipaddr.js set size:undefined disposed:false
233 http fetch GET 200 https://registry.npmjs.org/is-promise 470ms (cache miss)
234 silly packumentCache full:https://registry.npmjs.org/is-promise set size:undefined disposed:false
235 http fetch GET 200 https://registry.npmjs.org/path-to-regexp 476ms (cache miss)
236 silly packumentCache full:https://registry.npmjs.org/path-to-regexp set size:undefined disposed:false
237 http fetch GET 200 https://registry.npmjs.org/toidentifier 756ms (cache miss)
238 silly packumentCache full:https://registry.npmjs.org/toidentifier set size:undefined disposed:false
239 http fetch GET 200 https://registry.npmjs.org/media-typer 411ms (cache miss)
240 silly packumentCache full:https://registry.npmjs.org/media-typer set size:undefined disposed:false
241 silly placeDep ROOT negotiator@1.0.0 OK for: accepts@2.0.0 want: ^1.0.0
242 silly placeDep ROOT bytes@3.1.2 OK for: body-parser@2.2.2 want: ^3.1.2
243 silly placeDep ROOT iconv-lite@0.7.2 OK for: body-parser@2.2.2 want: ^0.7.0
244 silly placeDep ROOT raw-body@3.0.2 OK for: body-parser@2.2.2 want: ^3.0.1
245 silly fetch manifest safer-buffer@>= 2.1.2 < 3.0.0
246 silly packumentCache full:https://registry.npmjs.org/safer-buffer cache-miss
247 silly fetch manifest unpipe@~1.0.0
248 silly packumentCache full:https://registry.npmjs.org/unpipe cache-miss
249 http fetch GET 200 https://registry.npmjs.org/safer-buffer 140ms (cache miss)
250 silly packumentCache full:https://registry.npmjs.org/safer-buffer set size:undefined disposed:false
251 http fetch GET 200 https://registry.npmjs.org/unpipe 139ms (cache miss)
252 silly packumentCache full:https://registry.npmjs.org/unpipe set size:undefined disposed:false
253 silly placeDep ROOT ms@2.1.3 OK for: debug@4.4.3 want: ^2.1.3
254 silly placeDep ROOT inherits@2.0.4 OK for: http-errors@2.0.1 want: ~2.0.4
255 silly placeDep ROOT setprototypeof@1.2.0 OK for: http-errors@2.0.1 want: ~1.2.0
256 silly placeDep ROOT toidentifier@1.0.1 OK for: http-errors@2.0.1 want: ~1.0.1
257 silly placeDep ROOT safer-buffer@2.1.2 OK for: iconv-lite@0.7.2 want: >= 2.1.2 < 3.0.0
258 silly placeDep ROOT mime-db@1.54.0 OK for: mime-types@3.0.2 want: ^1.54.0
259 silly placeDep ROOT ee-first@1.1.1 OK for: on-finished@2.4.1 want: 1.1.1
260 silly placeDep ROOT wrappy@1.0.2 OK for: once@1.4.0 want: 1
261 silly placeDep ROOT forwarded@0.2.0 OK for: proxy-addr@2.0.7 want: 0.2.0
262 silly placeDep ROOT ipaddr.js@1.9.1 OK for: proxy-addr@2.0.7 want: 1.9.1
263 silly placeDep ROOT side-channel@1.1.0 OK for: qs@6.15.0 want: ^1.1.0
264 silly fetch manifest es-errors@^1.3.0
265 silly packumentCache full:https://registry.npmjs.org/es-errors cache-miss
266 silly fetch manifest object-inspect@^1.13.3
267 silly packumentCache full:https://registry.npmjs.org/object-inspect cache-miss
268 silly fetch manifest side-channel-list@^1.0.0
269 silly packumentCache full:https://registry.npmjs.org/side-channel-list cache-miss
270 silly fetch manifest side-channel-map@^1.0.1
271 silly packumentCache full:https://registry.npmjs.org/side-channel-map cache-miss
272 silly fetch manifest side-channel-weakmap@^1.0.2
273 silly packumentCache full:https://registry.npmjs.org/side-channel-weakmap cache-miss
274 http fetch GET 200 https://registry.npmjs.org/side-channel-map 245ms (cache miss)
275 silly packumentCache full:https://registry.npmjs.org/side-channel-map set size:undefined disposed:false
276 http fetch GET 200 https://registry.npmjs.org/es-errors 252ms (cache miss)
277 silly packumentCache full:https://registry.npmjs.org/es-errors set size:undefined disposed:false
278 http fetch GET 200 https://registry.npmjs.org/side-channel-list 253ms (cache miss)
279 silly packumentCache full:https://registry.npmjs.org/side-channel-list set size:undefined disposed:false
280 http fetch GET 200 https://registry.npmjs.org/side-channel-weakmap 251ms (cache miss)
281 silly packumentCache full:https://registry.npmjs.org/side-channel-weakmap set size:undefined disposed:false
282 http fetch GET 200 https://registry.npmjs.org/object-inspect 262ms (cache miss)
283 silly packumentCache full:https://registry.npmjs.org/object-inspect set size:undefined disposed:false
284 silly placeDep ROOT unpipe@1.0.0 OK for: raw-body@3.0.2 want: ~1.0.0
285 silly placeDep ROOT is-promise@4.0.0 OK for: router@2.2.0 want: ^4.0.0
286 silly placeDep ROOT path-to-regexp@8.3.0 OK for: router@2.2.0 want: ^8.0.0
287 silly placeDep ROOT es-errors@1.3.0 OK for: side-channel@1.1.0 want: ^1.3.0
288 silly placeDep ROOT object-inspect@1.13.4 OK for: side-channel@1.1.0 want: ^1.13.3
289 silly placeDep ROOT side-channel-list@1.0.0 OK for: side-channel@1.1.0 want: ^1.0.0
290 silly placeDep ROOT side-channel-map@1.0.1 OK for: side-channel@1.1.0 want: ^1.0.1
291 silly placeDep ROOT side-channel-weakmap@1.0.2 OK for: side-channel@1.1.0 want: ^1.0.2
292 silly fetch manifest call-bound@^1.0.2
293 silly packumentCache full:https://registry.npmjs.org/call-bound cache-miss
294 silly fetch manifest get-intrinsic@^1.2.5
295 silly packumentCache full:https://registry.npmjs.org/get-intrinsic cache-miss
296 silly fetch manifest call-bound@^1.0.2
297 silly packumentCache full:https://registry.npmjs.org/call-bound cache-miss
298 silly fetch manifest get-intrinsic@^1.2.5
299 silly packumentCache full:https://registry.npmjs.org/get-intrinsic cache-miss
300 http fetch GET 200 https://registry.npmjs.org/call-bound 227ms (cache miss)
301 silly packumentCache full:https://registry.npmjs.org/call-bound set size:undefined disposed:false
302 http fetch GET 200 https://registry.npmjs.org/call-bound 229ms (cache miss)
303 silly packumentCache full:https://registry.npmjs.org/call-bound set size:undefined disposed:false
304 http fetch GET 200 https://registry.npmjs.org/get-intrinsic 232ms (cache miss)
305 silly packumentCache full:https://registry.npmjs.org/get-intrinsic set size:undefined disposed:false
306 http fetch GET 200 https://registry.npmjs.org/get-intrinsic 244ms (cache miss)
307 silly packumentCache full:https://registry.npmjs.org/get-intrinsic set size:undefined disposed:false
308 silly placeDep ROOT call-bound@1.0.4 OK for: side-channel-map@1.0.1 want: ^1.0.2
309 silly placeDep ROOT get-intrinsic@1.3.0 OK for: side-channel-map@1.0.1 want: ^1.2.5
310 silly fetch manifest call-bind-apply-helpers@^1.0.2
311 silly packumentCache full:https://registry.npmjs.org/call-bind-apply-helpers cache-miss
312 silly fetch manifest get-intrinsic@^1.3.0
313 silly packumentCache full:https://registry.npmjs.org/get-intrinsic cache-miss
314 silly fetch manifest gopd@^1.2.0
315 silly packumentCache full:https://registry.npmjs.org/gopd cache-miss
316 silly fetch manifest hasown@^2.0.2
317 silly packumentCache full:https://registry.npmjs.org/hasown cache-miss
318 silly fetch manifest get-proto@^1.0.1
319 silly packumentCache full:https://registry.npmjs.org/get-proto cache-miss
320 silly fetch manifest has-symbols@^1.1.0
321 silly packumentCache full:https://registry.npmjs.org/has-symbols cache-miss
322 silly fetch manifest function-bind@^1.1.2
323 silly packumentCache full:https://registry.npmjs.org/function-bind cache-miss
324 http fetch GET 200 https://registry.npmjs.org/get-intrinsic 34ms (cache hit)
325 silly packumentCache full:https://registry.npmjs.org/get-intrinsic set size:60985 disposed:false
326 silly fetch manifest es-object-atoms@^1.1.1
327 silly packumentCache full:https://registry.npmjs.org/es-object-atoms cache-miss
328 http fetch GET 200 https://registry.npmjs.org/call-bind-apply-helpers 112ms (cache miss)
329 silly packumentCache full:https://registry.npmjs.org/call-bind-apply-helpers set size:undefined disposed:false
330 silly fetch manifest math-intrinsics@^1.1.0
331 silly packumentCache full:https://registry.npmjs.org/math-intrinsics cache-miss
332 http fetch GET 200 https://registry.npmjs.org/gopd 136ms (cache miss)
333 silly packumentCache full:https://registry.npmjs.org/gopd set size:undefined disposed:false
334 silly fetch manifest es-define-property@^1.0.1
335 silly packumentCache full:https://registry.npmjs.org/es-define-property cache-miss
336 http fetch GET 200 https://registry.npmjs.org/function-bind 147ms (cache miss)
337 silly packumentCache full:https://registry.npmjs.org/function-bind set size:undefined disposed:false
338 http fetch GET 200 https://registry.npmjs.org/hasown 153ms (cache miss)
339 silly packumentCache full:https://registry.npmjs.org/hasown set size:undefined disposed:false
340 http fetch GET 200 https://registry.npmjs.org/has-symbols 151ms (cache miss)
341 silly packumentCache full:https://registry.npmjs.org/has-symbols set size:undefined disposed:false
342 http fetch GET 200 https://registry.npmjs.org/get-proto 167ms (cache miss)
343 silly packumentCache full:https://registry.npmjs.org/get-proto set size:undefined disposed:false
344 http fetch GET 200 https://registry.npmjs.org/es-object-atoms 138ms (cache miss)
345 silly packumentCache full:https://registry.npmjs.org/es-object-atoms set size:undefined disposed:false
346 http fetch GET 200 https://registry.npmjs.org/es-define-property 96ms (cache miss)
347 silly packumentCache full:https://registry.npmjs.org/es-define-property set size:undefined disposed:false
348 http fetch GET 200 https://registry.npmjs.org/math-intrinsics 176ms (cache miss)
349 silly packumentCache full:https://registry.npmjs.org/math-intrinsics set size:undefined disposed:false
350 silly placeDep ROOT call-bind-apply-helpers@1.0.2 OK for: call-bound@1.0.4 want: ^1.0.2
351 silly placeDep ROOT function-bind@1.1.2 OK for: call-bind-apply-helpers@1.0.2 want: ^1.1.2
352 silly placeDep ROOT es-define-property@1.0.1 OK for: get-intrinsic@1.3.0 want: ^1.0.1
353 silly placeDep ROOT es-object-atoms@1.1.1 OK for: get-intrinsic@1.3.0 want: ^1.1.1
354 silly placeDep ROOT get-proto@1.0.1 OK for: get-intrinsic@1.3.0 want: ^1.0.1
355 silly placeDep ROOT gopd@1.2.0 OK for: get-intrinsic@1.3.0 want: ^1.2.0
356 silly placeDep ROOT has-symbols@1.1.0 OK for: get-intrinsic@1.3.0 want: ^1.1.0
357 silly placeDep ROOT hasown@2.0.2 OK for: get-intrinsic@1.3.0 want: ^2.0.2
358 silly placeDep ROOT math-intrinsics@1.1.0 OK for: get-intrinsic@1.3.0 want: ^1.1.0
359 silly fetch manifest dunder-proto@^1.0.1
360 silly packumentCache full:https://registry.npmjs.org/dunder-proto cache-miss
361 http fetch GET 200 https://registry.npmjs.org/dunder-proto 105ms (cache miss)
362 silly packumentCache full:https://registry.npmjs.org/dunder-proto set size:undefined disposed:false
363 silly placeDep ROOT dunder-proto@1.0.1 OK for: get-proto@1.0.1 want: ^1.0.1
364 silly placeDep ROOT media-typer@1.1.0 OK for: type-is@2.0.1 want: ^1.1.0
365 silly reify moves {}
366 silly tarball no local data for media-typer@https://registry.npmjs.org/media-typer/-/media-typer-1.1.0.tgz. Extracting by manifest.
367 silly tarball no local data for dunder-proto@https://registry.npmjs.org/dunder-proto/-/dunder-proto-1.0.1.tgz. Extracting by manifest.
368 silly tarball no local data for math-intrinsics@https://registry.npmjs.org/math-intrinsics/-/math-intrinsics-1.1.0.tgz. Extracting by manifest.
369 silly tarball no local data for has-symbols@https://registry.npmjs.org/has-symbols/-/has-symbols-1.1.0.tgz. Extracting by manifest.
370 silly tarball no local data for gopd@https://registry.npmjs.org/gopd/-/gopd-1.2.0.tgz. Extracting by manifest.
371 silly tarball no local data for get-proto@https://registry.npmjs.org/get-proto/-/get-proto-1.0.1.tgz. Extracting by manifest.
372 silly tarball no local data for es-object-atoms@https://registry.npmjs.org/es-object-atoms/-/es-object-atoms-1.1.1.tgz. Extracting by manifest.
373 silly tarball no local data for es-define-property@https://registry.npmjs.org/es-define-property/-/es-define-property-1.0.1.tgz. Extracting by manifest.
374 silly tarball no local data for function-bind@https://registry.npmjs.org/function-bind/-/function-bind-1.1.2.tgz. Extracting by manifest.
375 silly tarball no local data for call-bind-apply-helpers@https://registry.npmjs.org/call-bind-apply-helpers/-/call-bind-apply-helpers-1.0.2.tgz. Extracting by manifest.
376 silly tarball no local data for get-intrinsic@https://registry.npmjs.org/get-intrinsic/-/get-intrinsic-1.3.0.tgz. Extracting by manifest.
377 silly tarball no local data for call-bound@https://registry.npmjs.org/call-bound/-/call-bound-1.0.4.tgz. Extracting by manifest.
378 silly tarball no local data for side-channel-weakmap@https://registry.npmjs.org/side-channel-weakmap/-/side-channel-weakmap-1.0.2.tgz. Extracting by manifest.
379 silly tarball no local data for side-channel-map@https://registry.npmjs.org/side-channel-map/-/side-channel-map-1.0.1.tgz. Extracting by manifest.
380 silly tarball no local data for side-channel-list@https://registry.npmjs.org/side-channel-list/-/side-channel-list-1.0.0.tgz. Extracting by manifest.
381 silly tarball no local data for object-inspect@https://registry.npmjs.org/object-inspect/-/object-inspect-1.13.4.tgz. Extracting by manifest.
382 silly tarball no local data for es-errors@https://registry.npmjs.org/es-errors/-/es-errors-1.3.0.tgz. Extracting by manifest.
383 silly tarball no local data for path-to-regexp@https://registry.npmjs.org/path-to-regexp/-/path-to-regexp-8.3.0.tgz. Extracting by manifest.
384 silly tarball no local data for is-promise@https://registry.npmjs.org/is-promise/-/is-promise-4.0.0.tgz. Extracting by manifest.
385 silly tarball no local data for hasown@https://registry.npmjs.org/hasown/-/hasown-2.0.2.tgz. Extracting by manifest.
386 silly tarball no local data for side-channel@https://registry.npmjs.org/side-channel/-/side-channel-1.1.0.tgz. Extracting by manifest.
387 silly tarball no local data for ipaddr.js@https://registry.npmjs.org/ipaddr.js/-/ipaddr.js-1.9.1.tgz. Extracting by manifest.
388 silly tarball no local data for forwarded@https://registry.npmjs.org/forwarded/-/forwarded-0.2.0.tgz. Extracting by manifest.
389 silly tarball no local data for ee-first@https://registry.npmjs.org/ee-first/-/ee-first-1.1.1.tgz. Extracting by manifest.
390 silly tarball no local data for wrappy@https://registry.npmjs.org/wrappy/-/wrappy-1.0.2.tgz. Extracting by manifest.
391 silly tarball no local data for safer-buffer@https://registry.npmjs.org/safer-buffer/-/safer-buffer-2.1.2.tgz. Extracting by manifest.
392 silly tarball no local data for mime-db@https://registry.npmjs.org/mime-db/-/mime-db-1.54.0.tgz. Extracting by manifest.
393 silly tarball no local data for toidentifier@https://registry.npmjs.org/toidentifier/-/toidentifier-1.0.1.tgz. Extracting by manifest.
394 silly tarball no local data for setprototypeof@https://registry.npmjs.org/setprototypeof/-/setprototypeof-1.2.0.tgz. Extracting by manifest.
395 silly tarball no local data for inherits@https://registry.npmjs.org/inherits/-/inherits-2.0.4.tgz. Extracting by manifest.
396 silly tarball no local data for ms@https://registry.npmjs.org/ms/-/ms-2.1.3.tgz. Extracting by manifest.
397 silly tarball no local data for iconv-lite@https://registry.npmjs.org/iconv-lite/-/iconv-lite-0.7.2.tgz. Extracting by manifest.
398 silly tarball no local data for raw-body@https://registry.npmjs.org/raw-body/-/raw-body-3.0.2.tgz. Extracting by manifest.
399 silly tarball no local data for unpipe@https://registry.npmjs.org/unpipe/-/unpipe-1.0.0.tgz. Extracting by manifest.
400 silly tarball no local data for bytes@https://registry.npmjs.org/bytes/-/bytes-3.1.2.tgz. Extracting by manifest.
401 silly tarball no local data for negotiator@https://registry.npmjs.org/negotiator/-/negotiator-1.0.0.tgz. Extracting by manifest.
402 silly tarball no local data for vary@https://registry.npmjs.org/vary/-/vary-1.1.2.tgz. Extracting by manifest.
403 silly tarball no local data for type-is@https://registry.npmjs.org/type-is/-/type-is-2.0.1.tgz. Extracting by manifest.
404 silly tarball no local data for statuses@https://registry.npmjs.org/statuses/-/statuses-2.0.2.tgz. Extracting by manifest.
405 silly tarball no local data for serve-static@https://registry.npmjs.org/serve-static/-/serve-static-2.2.1.tgz. Extracting by manifest.
406 silly tarball no local data for send@https://registry.npmjs.org/send/-/send-1.2.1.tgz. Extracting by manifest.
407 silly tarball no local data for qs@https://registry.npmjs.org/qs/-/qs-6.15.0.tgz. Extracting by manifest.
408 silly tarball no local data for range-parser@https://registry.npmjs.org/range-parser/-/range-parser-1.2.1.tgz. Extracting by manifest.
409 silly tarball no local data for router@https://registry.npmjs.org/router/-/router-2.2.0.tgz. Extracting by manifest.
410 silly tarball no local data for parseurl@https://registry.npmjs.org/parseurl/-/parseurl-1.3.3.tgz. Extracting by manifest.
411 silly tarball no local data for once@https://registry.npmjs.org/once/-/once-1.4.0.tgz. Extracting by manifest.
412 silly tarball no local data for proxy-addr@https://registry.npmjs.org/proxy-addr/-/proxy-addr-2.0.7.tgz. Extracting by manifest.
413 silly tarball no local data for merge-descriptors@https://registry.npmjs.org/merge-descriptors/-/merge-descriptors-2.0.0.tgz. Extracting by manifest.
414 silly tarball no local data for mime-types@https://registry.npmjs.org/mime-types/-/mime-types-3.0.2.tgz. Extracting by manifest.
415 silly tarball no local data for on-finished@https://registry.npmjs.org/on-finished/-/on-finished-2.4.1.tgz. Extracting by manifest.
416 silly tarball no local data for http-errors@https://registry.npmjs.org/http-errors/-/http-errors-2.0.1.tgz. Extracting by manifest.
417 silly tarball no local data for fresh@https://registry.npmjs.org/fresh/-/fresh-2.0.0.tgz. Extracting by manifest.
418 silly tarball no local data for etag@https://registry.npmjs.org/etag/-/etag-1.8.1.tgz. Extracting by manifest.
419 silly tarball no local data for finalhandler@https://registry.npmjs.org/finalhandler/-/finalhandler-2.1.1.tgz. Extracting by manifest.
420 silly tarball no local data for depd@https://registry.npmjs.org/depd/-/depd-2.0.0.tgz. Extracting by manifest.
421 silly tarball no local data for encodeurl@https://registry.npmjs.org/encodeurl/-/encodeurl-2.0.0.tgz. Extracting by manifest.
422 silly tarball no local data for escape-html@https://registry.npmjs.org/escape-html/-/escape-html-1.0.3.tgz. Extracting by manifest.
423 silly tarball no local data for cookie-signature@https://registry.npmjs.org/cookie-signature/-/cookie-signature-1.2.2.tgz. Extracting by manifest.
424 silly tarball no local data for cookie@https://registry.npmjs.org/cookie/-/cookie-0.7.2.tgz. Extracting by manifest.
425 silly tarball no local data for debug@https://registry.npmjs.org/debug/-/debug-4.4.3.tgz. Extracting by manifest.
426 silly tarball no local data for content-disposition@https://registry.npmjs.org/content-disposition/-/content-disposition-1.0.1.tgz. Extracting by manifest.
427 silly tarball no local data for content-type@https://registry.npmjs.org/content-type/-/content-type-1.0.5.tgz. Extracting by manifest.
428 silly tarball no local data for body-parser@https://registry.npmjs.org/body-parser/-/body-parser-2.2.2.tgz. Extracting by manifest.
429 silly tarball no local data for express@https://registry.npmjs.org/express/-/express-5.2.1.tgz. Extracting by manifest.
430 silly tarball no local data for accepts@https://registry.npmjs.org/accepts/-/accepts-2.0.0.tgz. Extracting by manifest.
431 http fetch GET 200 https://registry.npmjs.org/es-object-atoms/-/es-object-atoms-1.1.1.tgz 508ms (cache miss)
432 http fetch GET 200 https://registry.npmjs.org/media-typer/-/media-typer-1.1.0.tgz 529ms (cache miss)
433 http fetch GET 200 https://registry.npmjs.org/dunder-proto/-/dunder-proto-1.0.1.tgz 529ms (cache miss)
434 http fetch GET 200 https://registry.npmjs.org/get-proto/-/get-proto-1.0.1.tgz 524ms (cache miss)
435 http fetch GET 200 https://registry.npmjs.org/es-define-property/-/es-define-property-1.0.1.tgz 523ms (cache miss)
436 http fetch GET 200 https://registry.npmjs.org/gopd/-/gopd-1.2.0.tgz 529ms (cache miss)
437 http fetch GET 200 https://registry.npmjs.org/has-symbols/-/has-symbols-1.1.0.tgz 555ms (cache miss)
438 http fetch GET 200 https://registry.npmjs.org/is-promise/-/is-promise-4.0.0.tgz 594ms (cache miss)
439 http fetch GET 200 https://registry.npmjs.org/path-to-regexp/-/path-to-regexp-8.3.0.tgz 613ms (cache miss)
440 http fetch GET 200 https://registry.npmjs.org/es-errors/-/es-errors-1.3.0.tgz 620ms (cache miss)
441 http fetch GET 200 https://registry.npmjs.org/hasown/-/hasown-2.0.2.tgz 634ms (cache miss)
442 http fetch GET 200 https://registry.npmjs.org/side-channel/-/side-channel-1.1.0.tgz 663ms (cache miss)
443 http fetch GET 200 https://registry.npmjs.org/math-intrinsics/-/math-intrinsics-1.1.0.tgz 691ms (cache miss)
444 http fetch GET 200 https://registry.npmjs.org/forwarded/-/forwarded-0.2.0.tgz 668ms (cache miss)
445 http fetch GET 200 https://registry.npmjs.org/ipaddr.js/-/ipaddr.js-1.9.1.tgz 677ms (cache miss)
446 http fetch GET 200 https://registry.npmjs.org/wrappy/-/wrappy-1.0.2.tgz 689ms (cache miss)
447 http fetch GET 200 https://registry.npmjs.org/ee-first/-/ee-first-1.1.1.tgz 725ms (cache miss)
448 http fetch GET 200 https://registry.npmjs.org/safer-buffer/-/safer-buffer-2.1.2.tgz 729ms (cache miss)
449 http fetch GET 200 https://registry.npmjs.org/object-inspect/-/object-inspect-1.13.4.tgz 815ms (cache miss)
450 http fetch GET 200 https://registry.npmjs.org/call-bound/-/call-bound-1.0.4.tgz 825ms (cache miss)
451 http fetch GET 200 https://registry.npmjs.org/toidentifier/-/toidentifier-1.0.1.tgz 811ms (cache miss)
452 http fetch GET 200 https://registry.npmjs.org/setprototypeof/-/setprototypeof-1.2.0.tgz 810ms (cache miss)
453 http fetch GET 200 https://registry.npmjs.org/inherits/-/inherits-2.0.4.tgz 820ms (cache miss)
454 http fetch GET 200 https://registry.npmjs.org/ms/-/ms-2.1.3.tgz 809ms (cache miss)
455 http fetch GET 200 https://registry.npmjs.org/side-channel-weakmap/-/side-channel-weakmap-1.0.2.tgz 858ms (cache miss)
456 http fetch GET 200 https://registry.npmjs.org/mime-db/-/mime-db-1.54.0.tgz 875ms (cache miss)
457 http fetch GET 200 https://registry.npmjs.org/side-channel-map/-/side-channel-map-1.0.1.tgz 921ms (cache miss)
458 http fetch GET 200 https://registry.npmjs.org/side-channel-list/-/side-channel-list-1.0.0.tgz 923ms (cache miss)
459 http fetch GET 200 https://registry.npmjs.org/function-bind/-/function-bind-1.1.2.tgz 935ms (cache miss)
460 http fetch GET 200 https://registry.npmjs.org/unpipe/-/unpipe-1.0.0.tgz 902ms (cache miss)
461 http fetch GET 200 https://registry.npmjs.org/call-bind-apply-helpers/-/call-bind-apply-helpers-1.0.2.tgz 949ms (cache miss)
462 http fetch GET 200 https://registry.npmjs.org/get-intrinsic/-/get-intrinsic-1.3.0.tgz 955ms (cache miss)
463 http fetch GET 200 https://registry.npmjs.org/bytes/-/bytes-3.1.2.tgz 922ms (cache miss)
464 http fetch GET 200 https://registry.npmjs.org/negotiator/-/negotiator-1.0.0.tgz 929ms (cache miss)
465 http fetch GET 200 https://registry.npmjs.org/raw-body/-/raw-body-3.0.2.tgz 938ms (cache miss)
466 http fetch GET 200 https://registry.npmjs.org/vary/-/vary-1.1.2.tgz 932ms (cache miss)
467 http fetch GET 200 https://registry.npmjs.org/statuses/-/statuses-2.0.2.tgz 943ms (cache miss)
468 http fetch GET 200 https://registry.npmjs.org/type-is/-/type-is-2.0.1.tgz 948ms (cache miss)
469 http fetch GET 200 https://registry.npmjs.org/send/-/send-1.2.1.tgz 945ms (cache miss)
470 http fetch GET 200 https://registry.npmjs.org/range-parser/-/range-parser-1.2.1.tgz 1029ms (cache miss)
471 http fetch GET 200 https://registry.npmjs.org/parseurl/-/parseurl-1.3.3.tgz 1039ms (cache miss)
472 http fetch GET 200 https://registry.npmjs.org/router/-/router-2.2.0.tgz 1042ms (cache miss)
473 http fetch GET 200 https://registry.npmjs.org/merge-descriptors/-/merge-descriptors-2.0.0.tgz 1231ms (cache miss)
474 http fetch GET 200 https://registry.npmjs.org/once/-/once-1.4.0.tgz 1255ms (cache miss)
475 http fetch GET 200 https://registry.npmjs.org/proxy-addr/-/proxy-addr-2.0.7.tgz 1266ms (cache miss)
476 http fetch GET 200 https://registry.npmjs.org/qs/-/qs-6.15.0.tgz 1278ms (cache miss)
477 http fetch GET 200 https://registry.npmjs.org/on-finished/-/on-finished-2.4.1.tgz 1270ms (cache miss)
478 http fetch GET 200 https://registry.npmjs.org/http-errors/-/http-errors-2.0.1.tgz 1269ms (cache miss)
479 http fetch GET 200 https://registry.npmjs.org/mime-types/-/mime-types-3.0.2.tgz 1277ms (cache miss)
480 http fetch GET 200 https://registry.npmjs.org/fresh/-/fresh-2.0.0.tgz 1272ms (cache miss)
481 http fetch GET 200 https://registry.npmjs.org/iconv-lite/-/iconv-lite-0.7.2.tgz 1312ms (cache miss)
482 http fetch GET 200 https://registry.npmjs.org/finalhandler/-/finalhandler-2.1.1.tgz 1274ms (cache miss)
483 http fetch GET 200 https://registry.npmjs.org/etag/-/etag-1.8.1.tgz 1284ms (cache miss)
484 http fetch GET 200 https://registry.npmjs.org/encodeurl/-/encodeurl-2.0.0.tgz 1280ms (cache miss)
485 http fetch GET 200 https://registry.npmjs.org/serve-static/-/serve-static-2.2.1.tgz 1307ms (cache miss)
486 http fetch GET 200 https://registry.npmjs.org/escape-html/-/escape-html-1.0.3.tgz 1283ms (cache miss)
487 http fetch GET 200 https://registry.npmjs.org/cookie/-/cookie-0.7.2.tgz 1260ms (cache miss)
488 http fetch GET 200 https://registry.npmjs.org/depd/-/depd-2.0.0.tgz 1287ms (cache miss)
489 http fetch GET 200 https://registry.npmjs.org/debug/-/debug-4.4.3.tgz 1273ms (cache miss)
490 http fetch GET 200 https://registry.npmjs.org/content-disposition/-/content-disposition-1.0.1.tgz 1274ms (cache miss)
491 http fetch GET 200 https://registry.npmjs.org/content-type/-/content-type-1.0.5.tgz 1305ms (cache miss)
492 http fetch GET 200 https://registry.npmjs.org/cookie-signature/-/cookie-signature-1.2.2.tgz 1336ms (cache miss)
493 http fetch GET 200 https://registry.npmjs.org/body-parser/-/body-parser-2.2.2.tgz 1322ms (cache miss)
494 http fetch GET 200 https://registry.npmjs.org/accepts/-/accepts-2.0.0.tgz 1322ms (cache miss)
495 http fetch GET 200 https://registry.npmjs.org/express/-/express-5.2.1.tgz 1374ms (cache miss)
496 silly ADD node_modules/media-typer
497 silly ADD node_modules/dunder-proto
498 silly ADD node_modules/math-intrinsics
499 silly ADD node_modules/hasown
500 silly ADD node_modules/has-symbols
501 silly ADD node_modules/gopd
502 silly ADD node_modules/get-proto
503 silly ADD node_modules/es-object-atoms
504 silly ADD node_modules/es-define-property
505 silly ADD node_modules/function-bind
506 silly ADD node_modules/call-bind-apply-helpers
507 silly ADD node_modules/get-intrinsic
508 silly ADD node_modules/call-bound
509 silly ADD node_modules/side-channel-weakmap
510 silly ADD node_modules/side-channel-map
511 silly ADD node_modules/side-channel-list
512 silly ADD node_modules/object-inspect
513 silly ADD node_modules/es-errors
514 silly ADD node_modules/path-to-regexp
515 silly ADD node_modules/is-promise
516 silly ADD node_modules/unpipe
517 silly ADD node_modules/side-channel
518 silly ADD node_modules/ipaddr.js
519 silly ADD node_modules/forwarded
520 silly ADD node_modules/wrappy
521 silly ADD node_modules/ee-first
522 silly ADD node_modules/mime-db
523 silly ADD node_modules/safer-buffer
524 silly ADD node_modules/toidentifier
525 silly ADD node_modules/setprototypeof
526 silly ADD node_modules/inherits
527 silly ADD node_modules/ms
528 silly ADD node_modules/raw-body
529 silly ADD node_modules/iconv-lite
530 silly ADD node_modules/bytes
531 silly ADD node_modules/negotiator
532 silly ADD node_modules/vary
533 silly ADD node_modules/type-is
534 silly ADD node_modules/statuses
535 silly ADD node_modules/serve-static
536 silly ADD node_modules/send
537 silly ADD node_modules/router
538 silly ADD node_modules/range-parser
539 silly ADD node_modules/qs
540 silly ADD node_modules/proxy-addr
541 silly ADD node_modules/parseurl
542 silly ADD node_modules/once
543 silly ADD node_modules/on-finished
544 silly ADD node_modules/mime-types
545 silly ADD node_modules/merge-descriptors
546 silly ADD node_modules/http-errors
547 silly ADD node_modules/fresh
548 silly ADD node_modules/finalhandler
549 silly ADD node_modules/etag
550 silly ADD node_modules/escape-html
551 silly ADD node_modules/encodeurl
552 silly ADD node_modules/depd
553 silly ADD node_modules/debug
554 silly ADD node_modules/cookie-signature
555 silly ADD node_modules/cookie
556 silly ADD node_modules/content-type
557 silly ADD node_modules/content-disposition
558 silly ADD node_modules/body-parser
559 silly ADD node_modules/accepts
560 silly ADD node_modules/express
561 verbose cwd /home/prateek
562 verbose os Linux 5.10.16.3-microsoft-standard-WSL2
563 verbose node v20.20.0
564 verbose npm  v10.8.2
565 notice
565 notice New [31mmajor[39m version of npm available! [31m10.8.2[39m -> [34m11.11.0[39m
565 notice Changelog: [34mhttps://github.com/npm/cli/releases/tag/v11.11.0[39m
565 notice To update run: [4mnpm install -g npm@11.11.0[24m
565 notice  { force: true, [Symbol(proc-log.meta)]: true }
566 verbose exit 0
567 info ok
